[00:03:15] [Server thread/INFO]: WRQ lost connection: Disconnected
[00:03:15] [Server thread/INFO]: WRQ left the game
[10:44:21] [User Authenticator #27/INFO]: [GroupManager] Async Player Login event refresh data... 
[10:44:21] [User Authenticator #27/INFO]: [GroupManager] Async Player Login event finshed. 
[10:44:21] [User Authenticator #27/INFO]: UUID of player WRQ is 16f88227-29dd-45bd-93a2-7d472ec56ed0
[10:44:21] [Server thread/INFO]: WRQ joined the game
[10:44:22] [Server thread/INFO]: WRQ[/220.195.77.206:39013] logged in with entity id 278 at ([world]41.134109803297044, 181.5, 159.46610556890096)
[11:52:30] [Server thread/INFO]: WRQ issued server command: /weather sun
[12:30:02] [Server thread/INFO]: WRQ issued server command: //copy
[12:30:22] [Server thread/INFO]: WRQ issued server command: //paste
[12:30:32] [Server thread/INFO]: WRQ issued server command: //paste
[12:30:39] [Server thread/INFO]: WRQ issued server command: //paste
[12:38:39] [Server thread/INFO]: WRQ issued server command: //undo
[12:38:46] [Server thread/INFO]: WRQ issued server command: //undo
[12:39:01] [Server thread/INFO]: WRQ issued server command: //undo
[12:42:35] [Server thread/INFO]: WRQ issued server command: //cut
[12:42:44] [Server thread/INFO]: WRQ issued server command: //cut
[12:48:23] [Server thread/INFO]: WRQ issued server command: //cut
[12:48:28] [Server thread/INFO]: WRQ issued server command: //paste
[12:49:29] [Server thread/INFO]: WRQ issued server command: //cut
[12:49:39] [Server thread/INFO]: WRQ issued server command: //paste
[12:50:31] [Server thread/INFO]: WRQ issued server command: //cut
[12:50:41] [Server thread/INFO]: WRQ issued server command: //paste
[12:51:21] [Server thread/INFO]: WRQ issued server command: //cut
[12:51:25] [Server thread/INFO]: WRQ issued server command: //paste
[12:51:44] [Server thread/INFO]: WRQ issued server command: //curve
[12:51:51] [Server thread/INFO]: WRQ issued server command: //cut
[12:51:58] [Server thread/INFO]: WRQ issued server command: //paste
[12:52:24] [Server thread/INFO]: WRQ issued server command: //paste
[12:53:46] [Server thread/INFO]: WRQ lost connection: Disconnected
[12:53:46] [Server thread/INFO]: WRQ left the game
[18:20:04] [User Authenticator #28/INFO]: [GroupManager] Async Player Login event refresh data... 
[18:20:04] [User Authenticator #28/INFO]: [GroupManager] Async Player Login event finshed. 
[18:20:04] [User Authenticator #28/INFO]: UUID of player WRQ is 16f88227-29dd-45bd-93a2-7d472ec56ed0
[18:20:04] [Server thread/INFO]: WRQ joined the game
[18:20:04] [Server thread/INFO]: WRQ[/39.154.133.206:7425] logged in with entity id 317 at ([world]41.3508708855643, 178.1576098033993, 161.9156894847811)
[18:34:47] [Server thread/INFO]: WRQ issued server command: //copy
[18:34:52] [Server thread/INFO]: WRQ issued server command: //paste
[18:35:15] [Server thread/INFO]: WRQ issued server command: //copy
[18:35:22] [Server thread/INFO]: WRQ issued server command: //paste
[18:35:26] [Server thread/INFO]: WRQ issued server command: //paste
[18:36:18] [Server thread/INFO]: WRQ issued server command: //paste
[18:36:23] [Server thread/INFO]: WRQ issued server command: //paste
[18:36:27] [Server thread/INFO]: WRQ issued server command: //ap
[18:36:29] [Server thread/INFO]: WRQ issued server command: //paste
[18:36:36] [Server thread/INFO]: WRQ issued server command: //paste
[18:37:03] [Server thread/INFO]: WRQ issued server command: //cut
[18:39:16] [Server thread/INFO]: WRQ issued server command: /weather sun
[18:41:18] [Server thread/INFO]: WRQ issued server command: //fill minecraft:black_concrete
[18:43:06] [Server thread/INFO]: WRQ issued server command: /time set day
[18:47:21] [Server thread/INFO]: WRQ lost connection: Disconnected
[18:47:21] [Server thread/INFO]: WRQ left the game
[20:38:07] [Server thread/INFO]: Disconnecting com.mojang.authlib.GameProfile@7c2abd2d[id=<null>,name=WRQ,properties={},legacy=false] (/39.154.133.206:3955): Took too long to log in
[20:38:07] [Server thread/INFO]: com.mojang.authlib.GameProfile@7c2abd2d[id=<null>,name=WRQ,properties={},legacy=false] (/39.154.133.206:3955) lost connection: Took too long to log in
[20:38:53] [Server thread/INFO]: Disconnecting com.mojang.authlib.GameProfile@330fd799[id=<null>,name=WRQ,properties={},legacy=false] (/39.154.133.206:3946): Took too long to log in
[20:38:53] [Server thread/INFO]: com.mojang.authlib.GameProfile@330fd799[id=<null>,name=WRQ,properties={},legacy=false] (/39.154.133.206:3946) lost connection: Took too long to log in
[20:39:58] [User Authenticator #29/INFO]: [GroupManager] Async Player Login event refresh data... 
[20:39:58] [User Authenticator #29/INFO]: [GroupManager] Async Player Login event finshed. 
[20:39:58] [User Authenticator #29/INFO]: UUID of player WRQ is 16f88227-29dd-45bd-93a2-7d472ec56ed0
[20:39:58] [Server thread/INFO]: WRQ joined the game
[20:39:58] [Server thread/INFO]: WRQ[/39.154.133.206:3621] logged in with entity id 320 at ([world]-59.553779316391015, 173.0, 230.28660678544395)
[20:41:46] [Server thread/INFO]: WRQ issued server command: /time set day
[20:50:06] [Server thread/INFO]: WRQ issued server command: /time set midnight
[21:19:52] [Server thread/INFO]: WRQ issued server command: /gamemode spectator
[21:20:05] [Server thread/INFO]: WRQ issued server command: /gamemode creative
[21:20:51] [Server thread/INFO]: WRQ issued server command: /gamemode spectator
[21:21:29] [Server thread/INFO]: WRQ issued server command: /gamemode creative
[21:22:57] [Server thread/INFO]: WRQ issued server command: //copy
[21:23:00] [Server thread/INFO]: WRQ issued server command: //paste
[21:23:03] [Server thread/INFO]: WRQ issued server command: //paste
[21:23:28] [Server thread/INFO]: WRQ issued server command: //copy
[21:23:31] [Server thread/INFO]: WRQ issued server command: //paste
[21:23:33] [Server thread/INFO]: WRQ issued server command: //paste
[21:27:11] [Server thread/INFO]: WRQ issued server command: //copy
[21:27:16] [Server thread/INFO]: WRQ issued server command: //paste
[21:27:20] [Server thread/INFO]: WRQ issued server command: //paste
[21:27:50] [Server thread/INFO]: WRQ issued server command: //copy
[21:27:54] [Server thread/INFO]: WRQ issued server command: //paste
[21:28:55] [Server thread/INFO]: WRQ lost connection: Disconnected
[21:28:55] [Server thread/INFO]: WRQ left the game
